[INFO] [2016-08-14 19:33:58][org.springframework.beans.factory.xml.XmlBeanDefinitionReader]Loading XML bean definitions from URL [file:/D:/workspace/SSMtest/one/one/target/classes/core/spring-core.xml]
  [INFO] [2016-08-14 19:33:58][org.springframework.beans.factory.xml.XmlBeanDefinitionReader]Loading XML bean definitions from URL [file:/D:/workspace/SSMtest/one/one/target/classes/core/spring-mybatis.xml]
  [INFO] [2016-08-14 19:33:59][org.springframework.context.support.GenericApplicationContext]Refreshing org.springframework.context.support.GenericApplicationContext@2b4a2ec7: startup date [Sun Aug 14 19:33:59 CST 2016]; root of context hierarchy
  [INFO] [2016-08-14 19:33:59][org.springframework.context.annotation.ConfigurationClassBeanDefinitionReader]Skipping bean definition for [BeanMethod:name=queryDateService,declaringClass=com.test.service.MyConfig]: a definition for bean 'queryDateService' already exists. This top-level bean definition is considered as an override.
  [INFO] [2016-08-14 19:33:59][org.springframework.beans.factory.annotation.AutowiredAnnotationBeanPostProcessor]JSR-330 'javax.inject.Inject' annotation found and supported for autowiring
  [INFO] [2016-08-14 19:34:26][org.springframework.context.support.ClassPathXmlApplicationContext]Refreshing org.springframework.context.support.ClassPathXmlApplicationContext@5ad10c1a: startup date [Sun Aug 14 19:34:26 CST 2016]; root of context hierarchy
  [INFO] [2016-08-14 19:34:26][org.springframework.beans.factory.xml.XmlBeanDefinitionReader]Loading XML bean definitions from class path resource [core/spring-core.xml]
  [INFO] [2016-08-14 19:34:26][org.springframework.beans.factory.xml.XmlBeanDefinitionReader]Loading XML bean definitions from class path resource [core/spring-mybatis.xml]
  [INFO] [2016-08-14 19:34:27][org.springframework.context.annotation.ConfigurationClassBeanDefinitionReader]Skipping bean definition for [BeanMethod:name=queryDateService,declaringClass=com.test.service.MyConfig]: a definition for bean 'queryDateService' already exists. This top-level bean definition is considered as an override.
  [INFO] [2016-08-14 19:34:27][org.springframework.beans.factory.annotation.AutowiredAnnotationBeanPostProcessor]JSR-330 'javax.inject.Inject' annotation found and supported for autowiring
  [INFO] [2016-08-14 19:34:51][org.springframework.context.support.GenericApplicationContext]Closing org.springframework.context.support.GenericApplicationContext@2b4a2ec7: startup date [Sun Aug 14 19:33:59 CST 2016]; root of context hierarchy
  [INFO] [2016-08-14 19:36:51][org.springframework.beans.factory.xml.XmlBeanDefinitionReader]Loading XML bean definitions from URL [file:/D:/workspace/SSMtest/one/one/target/classes/core/spring-core.xml]
  [INFO] [2016-08-14 19:36:52][org.springframework.beans.factory.xml.XmlBeanDefinitionReader]Loading XML bean definitions from URL [file:/D:/workspace/SSMtest/one/one/target/classes/core/spring-mybatis.xml]
  [INFO] [2016-08-14 19:36:52][org.springframework.context.support.GenericApplicationContext]Refreshing org.springframework.context.support.GenericApplicationContext@2b4a2ec7: startup date [Sun Aug 14 19:36:52 CST 2016]; root of context hierarchy
  [INFO] [2016-08-14 19:36:52][org.springframework.context.annotation.ConfigurationClassBeanDefinitionReader]Skipping bean definition for [BeanMethod:name=queryDateService,declaringClass=com.test.service.MyConfig]: a definition for bean 'queryDateService' already exists. This top-level bean definition is considered as an override.
  [INFO] [2016-08-14 19:36:53][org.springframework.beans.factory.annotation.AutowiredAnnotationBeanPostProcessor]JSR-330 'javax.inject.Inject' annotation found and supported for autowiring
  [INFO] [2016-08-14 19:36:56][org.springframework.context.support.ClassPathXmlApplicationContext]Refreshing org.springframework.context.support.ClassPathXmlApplicationContext@4a335fa8: startup date [Sun Aug 14 19:36:56 CST 2016]; root of context hierarchy
  [INFO] [2016-08-14 19:36:56][org.springframework.beans.factory.xml.XmlBeanDefinitionReader]Loading XML bean definitions from class path resource [core/spring-core.xml]
  [INFO] [2016-08-14 19:36:56][org.springframework.beans.factory.xml.XmlBeanDefinitionReader]Loading XML bean definitions from class path resource [core/spring-mybatis.xml]
  [INFO] [2016-08-14 19:36:57][org.springframework.context.annotation.ConfigurationClassBeanDefinitionReader]Skipping bean definition for [BeanMethod:name=queryDateService,declaringClass=com.test.service.MyConfig]: a definition for bean 'queryDateService' already exists. This top-level bean definition is considered as an override.
  [INFO] [2016-08-14 19:36:57][org.springframework.beans.factory.annotation.AutowiredAnnotationBeanPostProcessor]JSR-330 'javax.inject.Inject' annotation found and supported for autowiring
  [INFO] [2016-08-14 19:39:32][org.springframework.beans.factory.xml.XmlBeanDefinitionReader]Loading XML bean definitions from URL [file:/D:/workspace/SSMtest/one/one/target/classes/core/spring-core.xml]
  [INFO] [2016-08-14 19:39:33][org.springframework.beans.factory.xml.XmlBeanDefinitionReader]Loading XML bean definitions from URL [file:/D:/workspace/SSMtest/one/one/target/classes/core/spring-mybatis.xml]
  [INFO] [2016-08-14 19:39:33][org.springframework.context.support.GenericApplicationContext]Refreshing org.springframework.context.support.GenericApplicationContext@51931956: startup date [Sun Aug 14 19:39:33 CST 2016]; root of context hierarchy
  [INFO] [2016-08-14 19:39:33][org.springframework.beans.factory.annotation.AutowiredAnnotationBeanPostProcessor]JSR-330 'javax.inject.Inject' annotation found and supported for autowiring
  [INFO] [2016-08-14 19:39:34][org.springframework.context.support.ClassPathXmlApplicationContext]Refreshing org.springframework.context.support.ClassPathXmlApplicationContext@5c42d2b7: startup date [Sun Aug 14 19:39:34 CST 2016]; root of context hierarchy
  [INFO] [2016-08-14 19:39:34][org.springframework.beans.factory.xml.XmlBeanDefinitionReader]Loading XML bean definitions from class path resource [core/spring-core.xml]
  [INFO] [2016-08-14 19:39:34][org.springframework.beans.factory.xml.XmlBeanDefinitionReader]Loading XML bean definitions from class path resource [core/spring-mybatis.xml]
  [INFO] [2016-08-14 19:39:34][org.springframework.beans.factory.annotation.AutowiredAnnotationBeanPostProcessor]JSR-330 'javax.inject.Inject' annotation found and supported for autowiring
  [INFO] [2016-08-14 19:45:56][org.springframework.beans.factory.xml.XmlBeanDefinitionReader]Loading XML bean definitions from URL [file:/D:/workspace/SSMtest/one/one/target/classes/core/spring-core.xml]
  [INFO] [2016-08-14 19:45:56][org.springframework.beans.factory.xml.XmlBeanDefinitionReader]Loading XML bean definitions from URL [file:/D:/workspace/SSMtest/one/one/target/classes/core/spring-mybatis.xml]
  [INFO] [2016-08-14 19:45:56][org.springframework.context.support.GenericApplicationContext]Refreshing org.springframework.context.support.GenericApplicationContext@51931956: startup date [Sun Aug 14 19:45:56 CST 2016]; root of context hierarchy
  [INFO] [2016-08-14 19:45:57][org.springframework.beans.factory.annotation.AutowiredAnnotationBeanPostProcessor]JSR-330 'javax.inject.Inject' annotation found and supported for autowiring
  [INFO] [2016-08-14 19:45:57][org.springframework.context.support.ClassPathXmlApplicationContext]Refreshing org.springframework.context.support.ClassPathXmlApplicationContext@5c42d2b7: startup date [Sun Aug 14 19:45:57 CST 2016]; root of context hierarchy
  [INFO] [2016-08-14 19:45:57][org.springframework.beans.factory.xml.XmlBeanDefinitionReader]Loading XML bean definitions from class path resource [core/spring-core.xml]
  [INFO] [2016-08-14 19:45:57][org.springframework.beans.factory.xml.XmlBeanDefinitionReader]Loading XML bean definitions from class path resource [core/spring-mybatis.xml]
  [INFO] [2016-08-14 19:45:58][org.springframework.beans.factory.annotation.AutowiredAnnotationBeanPostProcessor]JSR-330 'javax.inject.Inject' annotation found and supported for autowiring
  [INFO] [2016-08-14 19:49:19][org.springframework.beans.factory.xml.XmlBeanDefinitionReader]Loading XML bean definitions from URL [file:/D:/workspace/SSMtest/one/one/target/classes/core/spring-core.xml]
  [INFO] [2016-08-14 19:49:19][org.springframework.beans.factory.xml.XmlBeanDefinitionReader]Loading XML bean definitions from URL [file:/D:/workspace/SSMtest/one/one/target/classes/core/spring-mybatis.xml]
  [INFO] [2016-08-14 19:49:20][org.springframework.context.support.GenericApplicationContext]Refreshing org.springframework.context.support.GenericApplicationContext@51931956: startup date [Sun Aug 14 19:49:20 CST 2016]; root of context hierarchy
  [INFO] [2016-08-14 19:49:20][org.springframework.beans.factory.annotation.AutowiredAnnotationBeanPostProcessor]JSR-330 'javax.inject.Inject' annotation found and supported for autowiring
  [INFO] [2016-08-14 19:49:21][org.springframework.context.support.ClassPathXmlApplicationContext]Refreshing org.springframework.context.support.ClassPathXmlApplicationContext@aeab9a1: startup date [Sun Aug 14 19:49:21 CST 2016]; root of context hierarchy
  [INFO] [2016-08-14 19:49:21][org.springframework.beans.factory.xml.XmlBeanDefinitionReader]Loading XML bean definitions from class path resource [core/spring-core.xml]
  [INFO] [2016-08-14 19:49:21][org.springframework.beans.factory.xml.XmlBeanDefinitionReader]Loading XML bean definitions from class path resource [core/spring-mybatis.xml]
  [INFO] [2016-08-14 19:49:21][org.springframework.beans.factory.annotation.AutowiredAnnotationBeanPostProcessor]JSR-330 'javax.inject.Inject' annotation found and supported for autowiring
  [INFO] [2016-08-14 19:49:29][org.springframework.context.support.GenericApplicationContext]Closing org.springframework.context.support.GenericApplicationContext@51931956: startup date [Sun Aug 14 19:49:20 CST 2016]; root of context hierarchy
  [INFO] [2016-08-14 19:49:48][org.springframework.beans.factory.xml.XmlBeanDefinitionReader]Loading XML bean definitions from URL [file:/D:/workspace/SSMtest/one/one/target/classes/core/spring-core.xml]
  [INFO] [2016-08-14 19:49:48][org.springframework.beans.factory.xml.XmlBeanDefinitionReader]Loading XML bean definitions from URL [file:/D:/workspace/SSMtest/one/one/target/classes/core/spring-mybatis.xml]
  [INFO] [2016-08-14 19:49:48][org.springframework.context.support.GenericApplicationContext]Refreshing org.springframework.context.support.GenericApplicationContext@51931956: startup date [Sun Aug 14 19:49:48 CST 2016]; root of context hierarchy
  [INFO] [2016-08-14 19:49:48][org.springframework.beans.factory.annotation.AutowiredAnnotationBeanPostProcessor]JSR-330 'javax.inject.Inject' annotation found and supported for autowiring
  [INFO] [2016-08-14 19:49:49][org.springframework.context.support.ClassPathXmlApplicationContext]Refreshing org.springframework.context.support.ClassPathXmlApplicationContext@aeab9a1: startup date [Sun Aug 14 19:49:49 CST 2016]; root of context hierarchy
  [INFO] [2016-08-14 19:49:49][org.springframework.beans.factory.xml.XmlBeanDefinitionReader]Loading XML bean definitions from class path resource [core/spring-core.xml]
  [INFO] [2016-08-14 19:49:49][org.springframework.beans.factory.xml.XmlBeanDefinitionReader]Loading XML bean definitions from class path resource [core/spring-mybatis.xml]
  [INFO] [2016-08-14 19:49:49][org.springframework.beans.factory.annotation.AutowiredAnnotationBeanPostProcessor]JSR-330 'javax.inject.Inject' annotation found and supported for autowiring
  [INFO] [2016-08-14 19:49:55][org.springframework.context.support.GenericApplicationContext]Closing org.springframework.context.support.GenericApplicationContext@51931956: startup date [Sun Aug 14 19:49:48 CST 2016]; root of context hierarchy
  [INFO] [2016-08-14 19:54:57][org.springframework.beans.factory.xml.XmlBeanDefinitionReader]Loading XML bean definitions from URL [file:/D:/workspace/SSMtest/one/one/target/classes/core/spring-core.xml]
  [INFO] [2016-08-14 19:54:58][org.springframework.beans.factory.xml.XmlBeanDefinitionReader]Loading XML bean definitions from URL [file:/D:/workspace/SSMtest/one/one/target/classes/core/spring-mybatis.xml]
  [INFO] [2016-08-14 19:54:58][org.springframework.context.support.GenericApplicationContext]Refreshing org.springframework.context.support.GenericApplicationContext@51931956: startup date [Sun Aug 14 19:54:58 CST 2016]; root of context hierarchy
  [INFO] [2016-08-14 19:54:58][org.springframework.beans.factory.annotation.AutowiredAnnotationBeanPostProcessor]JSR-330 'javax.inject.Inject' annotation found and supported for autowiring
  [INFO] [2016-08-14 19:54:59][org.springframework.context.support.ClassPathXmlApplicationContext]Refreshing org.springframework.context.support.ClassPathXmlApplicationContext@5c42d2b7: startup date [Sun Aug 14 19:54:59 CST 2016]; root of context hierarchy
  [INFO] [2016-08-14 19:54:59][org.springframework.beans.factory.xml.XmlBeanDefinitionReader]Loading XML bean definitions from class path resource [core/spring-core.xml]
  [INFO] [2016-08-14 19:54:59][org.springframework.beans.factory.xml.XmlBeanDefinitionReader]Loading XML bean definitions from class path resource [core/spring-mybatis.xml]
  [INFO] [2016-08-14 19:54:59][org.springframework.beans.factory.annotation.AutowiredAnnotationBeanPostProcessor]JSR-330 'javax.inject.Inject' annotation found and supported for autowiring
  [INFO] [2016-08-14 19:55:00][org.springframework.context.support.GenericApplicationContext]Closing org.springframework.context.support.GenericApplicationContext@51931956: startup date [Sun Aug 14 19:54:58 CST 2016]; root of context hierarchy
  [INFO] [2016-08-14 19:56:45][org.springframework.beans.factory.xml.XmlBeanDefinitionReader]Loading XML bean definitions from URL [file:/D:/workspace/SSMtest/one/one/target/classes/core/spring-core.xml]
  [INFO] [2016-08-14 19:56:46][org.springframework.beans.factory.xml.XmlBeanDefinitionReader]Loading XML bean definitions from URL [file:/D:/workspace/SSMtest/one/one/target/classes/core/spring-mybatis.xml]
  [INFO] [2016-08-14 19:56:46][org.springframework.context.support.GenericApplicationContext]Refreshing org.springframework.context.support.GenericApplicationContext@51931956: startup date [Sun Aug 14 19:56:46 CST 2016]; root of context hierarchy
  [INFO] [2016-08-14 19:56:46][org.springframework.beans.factory.annotation.AutowiredAnnotationBeanPostProcessor]JSR-330 'javax.inject.Inject' annotation found and supported for autowiring
  [INFO] [2016-08-14 19:56:47][org.springframework.context.support.ClassPathXmlApplicationContext]Refreshing org.springframework.context.support.ClassPathXmlApplicationContext@aeab9a1: startup date [Sun Aug 14 19:56:47 CST 2016]; root of context hierarchy
  [INFO] [2016-08-14 19:56:47][org.springframework.beans.factory.xml.XmlBeanDefinitionReader]Loading XML bean definitions from class path resource [core/spring-core.xml]
  [INFO] [2016-08-14 19:56:47][org.springframework.beans.factory.xml.XmlBeanDefinitionReader]Loading XML bean definitions from class path resource [core/spring-mybatis.xml]
  [INFO] [2016-08-14 19:56:47][org.springframework.beans.factory.annotation.AutowiredAnnotationBeanPostProcessor]JSR-330 'javax.inject.Inject' annotation found and supported for autowiring
  [INFO] [2016-08-14 20:23:33][org.springframework.beans.factory.xml.XmlBeanDefinitionReader]Loading XML bean definitions from URL [file:/D:/workspace/SSMtest/one/one/target/classes/core/spring-core.xml]
  [INFO] [2016-08-14 20:23:34][org.springframework.beans.factory.xml.XmlBeanDefinitionReader]Loading XML bean definitions from URL [file:/D:/workspace/SSMtest/one/one/target/classes/core/spring-mybatis.xml]
  [INFO] [2016-08-14 20:23:34][org.springframework.context.support.GenericApplicationContext]Refreshing org.springframework.context.support.GenericApplicationContext@51931956: startup date [Sun Aug 14 20:23:34 CST 2016]; root of context hierarchy
  [INFO] [2016-08-14 20:23:34][org.springframework.beans.factory.annotation.AutowiredAnnotationBeanPostProcessor]JSR-330 'javax.inject.Inject' annotation found and supported for autowiring
  [INFO] [2016-08-14 20:23:35][org.springframework.context.support.ClassPathXmlApplicationContext]Refreshing org.springframework.context.support.ClassPathXmlApplicationContext@5c42d2b7: startup date [Sun Aug 14 20:23:35 CST 2016]; root of context hierarchy
  [INFO] [2016-08-14 20:23:35][org.springframework.beans.factory.xml.XmlBeanDefinitionReader]Loading XML bean definitions from class path resource [core/spring-core.xml]
  [INFO] [2016-08-14 20:23:35][org.springframework.beans.factory.xml.XmlBeanDefinitionReader]Loading XML bean definitions from class path resource [core/spring-mybatis.xml]
  [INFO] [2016-08-14 20:23:35][org.springframework.beans.factory.annotation.AutowiredAnnotationBeanPostProcessor]JSR-330 'javax.inject.Inject' annotation found and supported for autowiring
  [INFO] [2016-08-14 20:25:01][org.springframework.beans.factory.xml.XmlBeanDefinitionReader]Loading XML bean definitions from URL [file:/D:/workspace/SSMtest/one/one/target/classes/core/spring-core.xml]
  [INFO] [2016-08-14 20:25:02][org.springframework.beans.factory.xml.XmlBeanDefinitionReader]Loading XML bean definitions from URL [file:/D:/workspace/SSMtest/one/one/target/classes/core/spring-mybatis.xml]
  [INFO] [2016-08-14 20:25:02][org.springframework.context.support.GenericApplicationContext]Refreshing org.springframework.context.support.GenericApplicationContext@51931956: startup date [Sun Aug 14 20:25:02 CST 2016]; root of context hierarchy
  [INFO] [2016-08-14 20:25:02][org.springframework.beans.factory.annotation.AutowiredAnnotationBeanPostProcessor]JSR-330 'javax.inject.Inject' annotation found and supported for autowiring
  [INFO] [2016-08-14 20:25:03][org.springframework.context.support.ClassPathXmlApplicationContext]Refreshing org.springframework.context.support.ClassPathXmlApplicationContext@5c42d2b7: startup date [Sun Aug 14 20:25:03 CST 2016]; root of context hierarchy
  [INFO] [2016-08-14 20:25:03][org.springframework.beans.factory.xml.XmlBeanDefinitionReader]Loading XML bean definitions from class path resource [core/spring-core.xml]
  [INFO] [2016-08-14 20:25:03][org.springframework.beans.factory.xml.XmlBeanDefinitionReader]Loading XML bean definitions from class path resource [core/spring-mybatis.xml]
  [INFO] [2016-08-14 20:25:03][org.springframework.beans.factory.annotation.AutowiredAnnotationBeanPostProcessor]JSR-330 'javax.inject.Inject' annotation found and supported for autowiring
  [INFO] [2016-08-14 20:26:14][org.springframework.beans.factory.xml.XmlBeanDefinitionReader]Loading XML bean definitions from URL [file:/D:/workspace/SSMtest/one/one/target/classes/core/spring-core.xml]
  [INFO] [2016-08-14 20:26:15][org.springframework.beans.factory.xml.XmlBeanDefinitionReader]Loading XML bean definitions from URL [file:/D:/workspace/SSMtest/one/one/target/classes/core/spring-mybatis.xml]
  [INFO] [2016-08-14 20:26:15][org.springframework.context.support.GenericApplicationContext]Refreshing org.springframework.context.support.GenericApplicationContext@564718df: startup date [Sun Aug 14 20:26:15 CST 2016]; root of context hierarchy
  [INFO] [2016-08-14 20:26:15][org.springframework.beans.factory.annotation.AutowiredAnnotationBeanPostProcessor]JSR-330 'javax.inject.Inject' annotation found and supported for autowiring
  [INFO] [2016-08-14 20:26:16][org.springframework.context.support.ClassPathXmlApplicationContext]Refreshing org.springframework.context.support.ClassPathXmlApplicationContext@5c42d2b7: startup date [Sun Aug 14 20:26:16 CST 2016]; root of context hierarchy
  [INFO] [2016-08-14 20:26:16][org.springframework.beans.factory.xml.XmlBeanDefinitionReader]Loading XML bean definitions from class path resource [core/spring-core.xml]
  [INFO] [2016-08-14 20:26:16][org.springframework.beans.factory.xml.XmlBeanDefinitionReader]Loading XML bean definitions from class path resource [core/spring-mybatis.xml]
  [INFO] [2016-08-14 20:26:16][org.springframework.beans.factory.annotation.AutowiredAnnotationBeanPostProcessor]JSR-330 'javax.inject.Inject' annotation found and supported for autowiring
  [INFO] [2016-08-14 20:27:26][org.springframework.context.support.GenericApplicationContext]Closing org.springframework.context.support.GenericApplicationContext@564718df: startup date [Sun Aug 14 20:26:15 CST 2016]; root of context hierarchy
  [INFO] [2016-08-14 20:27:34][org.springframework.beans.factory.xml.XmlBeanDefinitionReader]Loading XML bean definitions from URL [file:/D:/workspace/SSMtest/one/one/target/classes/core/spring-core.xml]
  [INFO] [2016-08-14 20:27:34][org.springframework.beans.factory.xml.XmlBeanDefinitionReader]Loading XML bean definitions from URL [file:/D:/workspace/SSMtest/one/one/target/classes/core/spring-mybatis.xml]
  [INFO] [2016-08-14 20:27:35][org.springframework.context.support.GenericApplicationContext]Refreshing org.springframework.context.support.GenericApplicationContext@564718df: startup date [Sun Aug 14 20:27:35 CST 2016]; root of context hierarchy
  [INFO] [2016-08-14 20:27:35][org.springframework.beans.factory.annotation.AutowiredAnnotationBeanPostProcessor]JSR-330 'javax.inject.Inject' annotation found and supported for autowiring
  [INFO] [2016-08-14 20:27:36][org.springframework.context.support.ClassPathXmlApplicationContext]Refreshing org.springframework.context.support.ClassPathXmlApplicationContext@5c42d2b7: startup date [Sun Aug 14 20:27:36 CST 2016]; root of context hierarchy
  [INFO] [2016-08-14 20:27:36][org.springframework.beans.factory.xml.XmlBeanDefinitionReader]Loading XML bean definitions from class path resource [core/spring-core.xml]
  [INFO] [2016-08-14 20:27:36][org.springframework.beans.factory.xml.XmlBeanDefinitionReader]Loading XML bean definitions from class path resource [core/spring-mybatis.xml]
  [INFO] [2016-08-14 20:27:36][org.springframework.beans.factory.annotation.AutowiredAnnotationBeanPostProcessor]JSR-330 'javax.inject.Inject' annotation found and supported for autowiring
  [INFO] [2016-08-14 20:27:39][org.springframework.context.support.GenericApplicationContext]Closing org.springframework.context.support.GenericApplicationContext@564718df: startup date [Sun Aug 14 20:27:35 CST 2016]; root of context hierarchy
  [INFO] [2016-08-14 20:27:46][org.springframework.beans.factory.xml.XmlBeanDefinitionReader]Loading XML bean definitions from URL [file:/D:/workspace/SSMtest/one/one/target/classes/core/spring-core.xml]
  [INFO] [2016-08-14 20:27:47][org.springframework.beans.factory.xml.XmlBeanDefinitionReader]Loading XML bean definitions from URL [file:/D:/workspace/SSMtest/one/one/target/classes/core/spring-mybatis.xml]
  [INFO] [2016-08-14 20:27:47][org.springframework.context.support.GenericApplicationContext]Refreshing org.springframework.context.support.GenericApplicationContext@564718df: startup date [Sun Aug 14 20:27:47 CST 2016]; root of context hierarchy
  [INFO] [2016-08-14 20:27:47][org.springframework.beans.factory.annotation.AutowiredAnnotationBeanPostProcessor]JSR-330 'javax.inject.Inject' annotation found and supported for autowiring
  [INFO] [2016-08-14 20:27:48][org.springframework.context.support.ClassPathXmlApplicationContext]Refreshing org.springframework.context.support.ClassPathXmlApplicationContext@5c42d2b7: startup date [Sun Aug 14 20:27:48 CST 2016]; root of context hierarchy
  [INFO] [2016-08-14 20:27:48][org.springframework.beans.factory.xml.XmlBeanDefinitionReader]Loading XML bean definitions from class path resource [core/spring-core.xml]
  [INFO] [2016-08-14 20:27:48][org.springframework.beans.factory.xml.XmlBeanDefinitionReader]Loading XML bean definitions from class path resource [core/spring-mybatis.xml]
  [INFO] [2016-08-14 20:27:49][org.springframework.beans.factory.annotation.AutowiredAnnotationBeanPostProcessor]JSR-330 'javax.inject.Inject' annotation found and supported for autowiring
  [INFO] [2016-08-14 20:28:14][org.springframework.context.support.GenericApplicationContext]Closing org.springframework.context.support.GenericApplicationContext@564718df: startup date [Sun Aug 14 20:27:47 CST 2016]; root of context hierarchy
  [INFO] [2016-08-14 20:28:24][org.springframework.beans.factory.xml.XmlBeanDefinitionReader]Loading XML bean definitions from URL [file:/D:/workspace/SSMtest/one/one/target/classes/core/spring-core.xml]
  [INFO] [2016-08-14 20:28:24][org.springframework.beans.factory.xml.XmlBeanDefinitionReader]Loading XML bean definitions from URL [file:/D:/workspace/SSMtest/one/one/target/classes/core/spring-mybatis.xml]
  [INFO] [2016-08-14 20:28:24][org.springframework.context.support.GenericApplicationContext]Refreshing org.springframework.context.support.GenericApplicationContext@564718df: startup date [Sun Aug 14 20:28:24 CST 2016]; root of context hierarchy
  [INFO] [2016-08-14 20:28:25][org.springframework.beans.factory.annotation.AutowiredAnnotationBeanPostProcessor]JSR-330 'javax.inject.Inject' annotation found and supported for autowiring
  [INFO] [2016-08-14 20:28:26][org.springframework.context.support.ClassPathXmlApplicationContext]Refreshing org.springframework.context.support.ClassPathXmlApplicationContext@5b1f29fa: startup date [Sun Aug 14 20:28:26 CST 2016]; root of context hierarchy
  [INFO] [2016-08-14 20:28:26][org.springframework.beans.factory.xml.XmlBeanDefinitionReader]Loading XML bean definitions from class path resource [core/spring-core.xml]
  [INFO] [2016-08-14 20:28:26][org.springframework.beans.factory.xml.XmlBeanDefinitionReader]Loading XML bean definitions from class path resource [core/spring-mybatis.xml]
  [INFO] [2016-08-14 20:28:26][org.springframework.beans.factory.annotation.AutowiredAnnotationBeanPostProcessor]JSR-330 'javax.inject.Inject' annotation found and supported for autowiring
  [INFO] [2016-08-14 20:28:51][org.springframework.context.support.GenericApplicationContext]Closing org.springframework.context.support.GenericApplicationContext@564718df: startup date [Sun Aug 14 20:28:24 CST 2016]; root of context hierarchy
  [INFO] [2016-08-14 21:49:18][org.springframework.beans.factory.xml.XmlBeanDefinitionReader]Loading XML bean definitions from URL [file:/D:/workspace/SSMtest/one/one/target/classes/core/spring-core.xml]
  [INFO] [2016-08-14 21:49:19][org.springframework.beans.factory.xml.XmlBeanDefinitionReader]Loading XML bean definitions from URL [file:/D:/workspace/SSMtest/one/one/target/classes/core/spring-mybatis.xml]
  [INFO] [2016-08-14 21:49:19][org.springframework.context.support.GenericApplicationContext]Refreshing org.springframework.context.support.GenericApplicationContext@564718df: startup date [Sun Aug 14 21:49:19 CST 2016]; root of context hierarchy
  [INFO] [2016-08-14 21:49:19][org.springframework.beans.factory.annotation.AutowiredAnnotationBeanPostProcessor]JSR-330 'javax.inject.Inject' annotation found and supported for autowiring
  [INFO] [2016-08-14 21:49:20][org.springframework.context.support.ClassPathXmlApplicationContext]Refreshing org.springframework.context.support.ClassPathXmlApplicationContext@625abb97: startup date [Sun Aug 14 21:49:20 CST 2016]; root of context hierarchy
  [INFO] [2016-08-14 21:49:20][org.springframework.beans.factory.xml.XmlBeanDefinitionReader]Loading XML bean definitions from class path resource [core/spring-core.xml]
  [INFO] [2016-08-14 21:49:20][org.springframework.beans.factory.xml.XmlBeanDefinitionReader]Loading XML bean definitions from class path resource [core/spring-mybatis.xml]
  [INFO] [2016-08-14 21:49:21][org.springframework.beans.factory.annotation.AutowiredAnnotationBeanPostProcessor]JSR-330 'javax.inject.Inject' annotation found and supported for autowiring
  [INFO] [2016-08-14 21:49:41][org.springframework.context.support.GenericApplicationContext]Closing org.springframework.context.support.GenericApplicationContext@564718df: startup date [Sun Aug 14 21:49:19 CST 2016]; root of context hierarchy
  